\BOOKMARK [1][-]{section.1}{Allgemein}{}% 1
\BOOKMARK [2][-]{subsection.1.1}{Definition}{section.1}% 2
\BOOKMARK [2][-]{subsection.1.2}{Klassifizierungen}{section.1}% 3
\BOOKMARK [3][-]{subsubsection.1.2.1}{Klassisch vs Elektronisch}{subsection.1.2}% 4
\BOOKMARK [3][-]{subsubsection.1.2.2}{Bundesamt f\374r Sicherheit der Informationstechnik}{subsection.1.2}% 5
\BOOKMARK [2][-]{subsection.1.3}{Zahlungsm\366glichkeiten}{section.1}% 6
\BOOKMARK [3][-]{subsubsection.1.3.1}{Kategorisierung nach Einsatzort}{subsection.1.3}% 7
\BOOKMARK [3][-]{subsubsection.1.3.2}{Kategorisierung nach Betragsh\366he}{subsection.1.3}% 8
\BOOKMARK [3][-]{subsubsection.1.3.3}{Kategorisierung nach Herkunft}{subsection.1.3}% 9
\BOOKMARK [3][-]{subsubsection.1.3.4}{Kategorisierung nach H\344ufigkeit}{subsection.1.3}% 10
\BOOKMARK [2][-]{subsection.1.4}{Anforderungen der Zahlungspflichtigen}{section.1}% 11
\BOOKMARK [3][-]{subsubsection.1.4.1}{Sicherheit}{subsection.1.4}% 12
\BOOKMARK [3][-]{subsubsection.1.4.2}{Installations- bzw. Registrierungsaufwand}{subsection.1.4}% 13
\BOOKMARK [3][-]{subsubsection.1.4.3}{Kosten}{subsection.1.4}% 14
\BOOKMARK [3][-]{subsubsection.1.4.4}{Akzeptanzstellen}{subsection.1.4}% 15
\BOOKMARK [2][-]{subsection.1.5}{Anforderungen der Zahlungsempf\344nger}{section.1}% 16
\BOOKMARK [3][-]{subsubsection.1.5.1}{Sicherheit}{subsection.1.5}% 17
\BOOKMARK [3][-]{subsubsection.1.5.2}{Akzeptanz der Kunden}{subsection.1.5}% 18
\BOOKMARK [3][-]{subsubsection.1.5.3}{Kosten}{subsection.1.5}% 19
\BOOKMARK [1][-]{section.2}{Verschiedene Zahlungssysteme}{}% 20
\BOOKMARK [2][-]{subsection.2.1}{Herk\366mmliche Zahlsysteme}{section.2}% 21
\BOOKMARK [3][-]{subsubsection.2.1.1}{Definition}{subsection.2.1}% 22
\BOOKMARK [3][-]{subsubsection.2.1.2}{Barzahlung}{subsection.2.1}% 23
\BOOKMARK [3][-]{subsubsection.2.1.3}{\334berweisung}{subsection.2.1}% 24
\BOOKMARK [3][-]{subsubsection.2.1.4}{Nachnahme}{subsection.2.1}% 25
\BOOKMARK [2][-]{subsection.2.2}{Moderne Zahlsysteme}{section.2}% 26
\BOOKMARK [3][-]{subsubsection.2.2.1}{Zahlungsabwicklung}{subsection.2.2}% 27
\BOOKMARK [3][-]{subsubsection.2.2.2}{Kategorien}{subsection.2.2}% 28
\BOOKMARK [3][-]{subsubsection.2.2.3}{Anstieg der Popularit\344t}{subsection.2.2}% 29
\BOOKMARK [2][-]{subsection.2.3}{Kryptow\344hrungen}{section.2}% 30
\BOOKMARK [3][-]{subsubsection.2.3.1}{Allgemeines}{subsection.2.3}% 31
\BOOKMARK [3][-]{subsubsection.2.3.2}{Umsetzung}{subsection.2.3}% 32
\BOOKMARK [3][-]{subsubsection.2.3.3}{Gefahren}{subsection.2.3}% 33
\BOOKMARK [1][-]{section.3}{Ethische Fragestellungen}{}% 34
\BOOKMARK [2][-]{subsection.3.1}{Microtransactions}{section.3}% 35
\BOOKMARK [3][-]{subsubsection.3.1.1}{Sachverhalt}{subsection.3.1}% 36
\BOOKMARK [3][-]{subsubsection.3.1.2}{Fragestellung}{subsection.3.1}% 37
\BOOKMARK [2][-]{subsection.3.2}{Anonymit\344t}{section.3}% 38
\BOOKMARK [3][-]{subsubsection.3.2.1}{Sachverhalt}{subsection.3.2}% 39
\BOOKMARK [3][-]{subsubsection.3.2.2}{Fragestellung}{subsection.3.2}% 40
\BOOKMARK [2][-]{subsection.3.3}{Unreguliertes Zahlungssystem}{section.3}% 41
\BOOKMARK [3][-]{subsubsection.3.3.1}{Sachverhalt}{subsection.3.3}% 42
\BOOKMARK [3][-]{subsubsection.3.3.2}{Fragestellung}{subsection.3.3}% 43
\BOOKMARK [1][-]{section.4}{Pr\374fungsfragen}{}% 44
\BOOKMARK [1][-]{section.5}{Quellen}{}% 45
